## Module report - date 11/15/15 04:08:39
## Created by Pcbnew version kicad 4.0.0-rc1-stable
## Unit = inches, Angle = deg.
##

$BeginDESCRIPTION

$BOARD
unit INCH
upper_left_corner  1.377953  1.574803
lower_right_corner  5.905512  5.905512
$EndBOARD

$MODULE "B12V1"
reference "B12V1"
value "CONN_01X02"
footprint "Pin_Headers:Pin_Header_Straight_1x02"
attribut none
position  5.275591  4.409449
orientation  0.00
layer component
$SHAPE3D
Na "Pin_Headers.3dshapes/Pin_Header_Straight_1x02.wrl"
Sc 1 1 1
Of 0 -0.05 0
Ro 0 0 90
$EndSHAPE3D
$PAD "1"
position  0.000000  0.000000
size  0.080000  0.080000
drill  0.040000
shape_offset  0.000000  0.000000
orientation  0.00
Shape  Circ
Layer  both
$EndPAD
$PAD "2"
position  0.000000  0.100000
size  0.080000  0.080000
drill  0.040000
shape_offset  0.000000  0.000000
orientation  0.00
Shape  Rect
Layer  both
$EndPAD
$EndMODULE  B12V1

$MODULE "C1"
reference "C1"
value "47uF"
footprint "Capacitors_ThroughHole:C_Disc_D3_P2.5"
attribut none
position  4.055118  4.448819
orientation  0.00
layer component
$SHAPE3D
Na "Capacitors_ThroughHole.3dshapes/C_Disc_D3_P2.5.wrl"
Sc 1 1 1
Of 0.0492126 0 0
Ro 0 0 0
$EndSHAPE3D
$PAD "1"
position  0.000000  0.000000
size  0.051181  0.051181
drill  0.031496
shape_offset  0.000000  0.000000
orientation  0.00
Shape  Circ
Layer  both
$EndPAD
$PAD "2"
position  0.098425  0.000000
size  0.051181  0.051181
drill  0.031500
shape_offset  0.000000  0.000000
orientation  0.00
Shape  ???
Layer  both
$EndPAD
$EndMODULE  C1

$MODULE "C2"
reference "C2"
value "0.1uF"
footprint "Capacitors_ThroughHole:C_Disc_D3_P2.5"
attribut none
position  4.055118  4.842520
orientation  0.00
layer component
$SHAPE3D
Na "Capacitors_ThroughHole.3dshapes/C_Disc_D3_P2.5.wrl"
Sc 1 1 1
Of 0.0492126 0 0
Ro 0 0 0
$EndSHAPE3D
$PAD "1"
position  0.000000  0.000000
size  0.051181  0.051181
drill  0.031496
shape_offset  0.000000  0.000000
orientation  0.00
Shape  Circ
Layer  both
$EndPAD
$PAD "2"
position  0.098425  0.000000
size  0.051181  0.051181
drill  0.031500
shape_offset  0.000000  0.000000
orientation  0.00
Shape  ???
Layer  both
$EndPAD
$EndMODULE  C2

$MODULE "C3"
reference "C3"
value "0.1uF"
footprint "Capacitors_ThroughHole:C_Disc_D3_P2.5"
attribut none
position  4.291339  2.362205
orientation  0.00
layer component
$SHAPE3D
Na "Capacitors_ThroughHole.3dshapes/C_Disc_D3_P2.5.wrl"
Sc 1 1 1
Of 0.0492126 0 0
Ro 0 0 0
$EndSHAPE3D
$PAD "1"
position  0.000000  0.000000
size  0.051181  0.051181
drill  0.031496
shape_offset  0.000000  0.000000
orientation  0.00
Shape  Circ
Layer  both
$EndPAD
$PAD "2"
position  0.098425  0.000000
size  0.051181  0.051181
drill  0.031500
shape_offset  0.000000  0.000000
orientation  0.00
Shape  ???
Layer  both
$EndPAD
$EndMODULE  C3

$MODULE "C4"
reference "C4"
value "0.1uF"
footprint "Capacitors_ThroughHole:C_Disc_D3_P2.5"
attribut none
position  3.149606  3.188976
orientation  0.00
layer component
$SHAPE3D
Na "Capacitors_ThroughHole.3dshapes/C_Disc_D3_P2.5.wrl"
Sc 1 1 1
Of 0.0492126 0 0
Ro 0 0 0
$EndSHAPE3D
$PAD "1"
position  0.000000  0.000000
size  0.051181  0.051181
drill  0.031496
shape_offset  0.000000  0.000000
orientation  0.00
Shape  Circ
Layer  both
$EndPAD
$PAD "2"
position  0.098425  0.000000
size  0.051181  0.051181
drill  0.031500
shape_offset  0.000000  0.000000
orientation  0.00
Shape  ???
Layer  both
$EndPAD
$EndMODULE  C4

$MODULE "C5"
reference "C5"
value "0.01uF"
footprint "Capacitors_ThroughHole:C_Disc_D3_P2.5"
attribut none
position  3.622047  3.385827
orientation  0.00
layer component
$SHAPE3D
Na "Capacitors_ThroughHole.3dshapes/C_Disc_D3_P2.5.wrl"
Sc 1 1 1
Of 0.0492126 0 0
Ro 0 0 0
$EndSHAPE3D
$PAD "1"
position  0.000000  0.000000
size  0.051181  0.051181
drill  0.031496
shape_offset  0.000000  0.000000
orientation  0.00
Shape  Circ
Layer  both
$EndPAD
$PAD "2"
position  0.098425  0.000000
size  0.051181  0.051181
drill  0.031500
shape_offset  0.000000  0.000000
orientation  0.00
Shape  ???
Layer  both
$EndPAD
$EndMODULE  C5

$MODULE "C6"
reference "C6"
value "0.01uF"
footprint "Capacitors_ThroughHole:C_Disc_D3_P2.5"
attribut none
position  3.543307  4.685039
orientation  0.00
layer component
$SHAPE3D
Na "Capacitors_ThroughHole.3dshapes/C_Disc_D3_P2.5.wrl"
Sc 1 1 1
Of 0.0492126 0 0
Ro 0 0 0
$EndSHAPE3D
$PAD "1"
position  0.000000  0.000000
size  0.051181  0.051181
drill  0.031496
shape_offset  0.000000  0.000000
orientation  0.00
Shape  Circ
Layer  both
$EndPAD
$PAD "2"
position  0.098425  0.000000
size  0.051181  0.051181
drill  0.031500
shape_offset  0.000000  0.000000
orientation  0.00
Shape  ???
Layer  both
$EndPAD
$EndMODULE  C6

$MODULE "C7"
reference "C7"
value "0.1uF"
footprint "Capacitors_ThroughHole:C_Disc_D3_P2.5"
attribut none
position  2.716535  2.874016
orientation  0.00
layer component
$SHAPE3D
Na "Capacitors_ThroughHole.3dshapes/C_Disc_D3_P2.5.wrl"
Sc 1 1 1
Of 0.0492126 0 0
Ro 0 0 0
$EndSHAPE3D
$PAD "1"
position  0.000000  0.000000
size  0.051181  0.051181
drill  0.031496
shape_offset  0.000000  0.000000
orientation  0.00
Shape  Circ
Layer  both
$EndPAD
$PAD "2"
position  0.098425  0.000000
size  0.051181  0.051181
drill  0.031500
shape_offset  0.000000  0.000000
orientation  0.00
Shape  ???
Layer  both
$EndPAD
$EndMODULE  C7

$MODULE "C8"
reference "C8"
value "0.01uF"
footprint "Capacitors_ThroughHole:C_Disc_D3_P2.5"
attribut none
position  2.480315  4.094488
orientation  0.00
layer component
$SHAPE3D
Na "Capacitors_ThroughHole.3dshapes/C_Disc_D3_P2.5.wrl"
Sc 1 1 1
Of 0.0492126 0 0
Ro 0 0 0
$EndSHAPE3D
$PAD "1"
position  0.000000  0.000000
size  0.051181  0.051181
drill  0.031496
shape_offset  0.000000  0.000000
orientation  0.00
Shape  Circ
Layer  both
$EndPAD
$PAD "2"
position  0.098425  0.000000
size  0.051181  0.051181
drill  0.031500
shape_offset  0.000000  0.000000
orientation  0.00
Shape  ???
Layer  both
$EndPAD
$EndMODULE  C8

$MODULE "C9"
reference "C9"
value "0.1uF"
footprint "Capacitors_ThroughHole:C_Disc_D3_P2.5"
attribut none
position  4.763780  3.700787
orientation  0.00
layer component
$SHAPE3D
Na "Capacitors_ThroughHole.3dshapes/C_Disc_D3_P2.5.wrl"
Sc 1 1 1
Of 0.0492126 0 0
Ro 0 0 0
$EndSHAPE3D
$PAD "1"
position  0.000000  0.000000
size  0.051181  0.051181
drill  0.031496
shape_offset  0.000000  0.000000
orientation  0.00
Shape  Circ
Layer  both
$EndPAD
$PAD "2"
position  0.098425  0.000000
size  0.051181  0.051181
drill  0.031500
shape_offset  0.000000  0.000000
orientation  0.00
Shape  ???
Layer  both
$EndPAD
$EndMODULE  C9

$MODULE "D1"
reference "D1"
value "D"
footprint "Discret:D3"
attribut none
position  4.448819  4.015748
orientation  0.00
layer component
$SHAPE3D
Na "Discret.3dshapes/D3.wrl"
Sc 0.3 0.3 0.3
Of 0 0 0
Ro 0 0 0
$EndSHAPE3D
$PAD "1"
position  0.150000  0.000000
size  0.055000  0.055000
drill  0.032000
shape_offset  0.000000  0.000000
orientation  0.00
Shape  Circ
Layer  both
$EndPAD
$PAD "2"
position -0.150000  0.000000
size  0.055000  0.055000
drill  0.032000
shape_offset  0.000000  0.000000
orientation  0.00
Shape  ???
Layer  both
$EndPAD
$EndMODULE  D1

$MODULE "D2"
reference "D2"
value "D_Schottky"
footprint "Discret:D3"
attribut none
position  4.488189  3.346457
orientation  0.00
layer component
$SHAPE3D
Na "Discret.3dshapes/D3.wrl"
Sc 0.3 0.3 0.3
Of 0 0 0
Ro 0 0 0
$EndSHAPE3D
$PAD "1"
position  0.150000  0.000000
size  0.055000  0.055000
drill  0.032000
shape_offset  0.000000  0.000000
orientation  0.00
Shape  Circ
Layer  both
$EndPAD
$PAD "2"
position -0.150000  0.000000
size  0.055000  0.055000
drill  0.032000
shape_offset  0.000000  0.000000
orientation  0.00
Shape  ???
Layer  both
$EndPAD
$EndMODULE  D2

$MODULE "D3"
reference "D3"
value "LED"
footprint "LEDs:LED-5MM"
attribut none
position  2.519685  4.645669
orientation  0.00
layer component
$SHAPE3D
Na "LEDs.3dshapes/LED-5MM.wrl"
Sc 1 1 1
Of 0.05 0 0
Ro 0 0 90
$EndSHAPE3D
$PAD "1"
position  0.000000  0.000000
size  0.078740  0.074803
drill  0.039400
shape_offset  0.000000  0.000000
orientation  90.00
Shape  Circ
Layer  both
$EndPAD
$PAD "2"
position  0.100000  0.000000
size  0.074803  0.074803
drill  0.039400
shape_offset  0.000000  0.000000
orientation  0.00
Shape  ???
Layer  both
$EndPAD
$EndMODULE  D3

$MODULE "D4"
reference "D4"
value "LED"
footprint "LEDs:LED-5MM"
attribut none
position  2.874016  5.000000
orientation  0.00
layer component
$SHAPE3D
Na "LEDs.3dshapes/LED-5MM.wrl"
Sc 1 1 1
Of 0.05 0 0
Ro 0 0 90
$EndSHAPE3D
$PAD "1"
position  0.000000  0.000000
size  0.078740  0.074803
drill  0.039400
shape_offset  0.000000  0.000000
orientation  90.00
Shape  Circ
Layer  both
$EndPAD
$PAD "2"
position  0.100000  0.000000
size  0.074803  0.074803
drill  0.039400
shape_offset  0.000000  0.000000
orientation  0.00
Shape  ???
Layer  both
$EndPAD
$EndMODULE  D4

$MODULE "D5"
reference "D5"
value "D"
footprint "Discret:D3"
attribut none
position  4.645669  3.070866
orientation  0.00
layer component
$SHAPE3D
Na "Discret.3dshapes/D3.wrl"
Sc 0.3 0.3 0.3
Of 0 0 0
Ro 0 0 0
$EndSHAPE3D
$PAD "1"
position  0.150000  0.000000
size  0.055000  0.055000
drill  0.032000
shape_offset  0.000000  0.000000
orientation  0.00
Shape  Circ
Layer  both
$EndPAD
$PAD "2"
position -0.150000  0.000000
size  0.055000  0.055000
drill  0.032000
shape_offset  0.000000  0.000000
orientation  0.00
Shape  ???
Layer  both
$EndPAD
$EndMODULE  D5

$MODULE "F1"
reference "F1"
value "FUSE"
footprint "Fuse_Holders_and_Fuses:BladeFuse-Mini"
attribut none
position  4.685039  4.842520
orientation  0.00
layer component
$SHAPE3D
Na "Fuse_Holders_and_Fuses.3dshapes/BladeFuse-Mini.wrl"
Sc 0.3937 0.3937 0.3937
Of 0 0 0
Ro 0 0 0
$EndSHAPE3D
$PAD "1"
position -0.157480  0.000000
size  0.216535  0.149606
drill  0.137795
shape_offset  0.000000  0.000000
orientation  0.00
Shape  Rect
Layer  both
$EndPAD
$PAD "2"
position  0.157480  0.000000
size  0.208661  0.149606
drill  0.137795
shape_offset  0.000000  0.000000
orientation  0.00
Shape  Rect
Layer  both
$EndPAD
$EndMODULE  F1

$MODULE "K1"
reference "K1"
value "SPST"
footprint "Diodes_ThroughHole:Diode_DO-35_SOD27_Horizontal_RM10"
attribut none
position  2.952756  3.582677
orientation  0.00
layer component
$SHAPE3D
Na "Diodes_ThroughHole.3dshapes/Diode_DO-35_SOD27_Horizontal_RM10.wrl"
Sc 0.4 0.4 0.4
Of 0.2 0 0
Ro 0 0 180
$EndSHAPE3D
$PAD "2"
position  0.400020 -0.000100
size  0.066900  0.066900
drill  0.027600
shape_offset  0.000000  0.000000
orientation  180.00
Shape  ???
Layer  both
$EndPAD
$PAD "1"
position  0.000020 -0.000100
size  0.066900  0.066900
drill  0.027600
shape_offset  0.000000  0.000000
orientation  180.00
Shape  Circ
Layer  both
$EndPAD
$EndMODULE  K1

$MODULE "K2"
reference "K2"
value "SPST"
footprint "Diodes_ThroughHole:Diode_DO-35_SOD27_Horizontal_RM10"
attribut none
position  1.968504  3.661417
orientation  0.00
layer component
$SHAPE3D
Na "Diodes_ThroughHole.3dshapes/Diode_DO-35_SOD27_Horizontal_RM10.wrl"
Sc 0.4 0.4 0.4
Of 0.2 0 0
Ro 0 0 180
$EndSHAPE3D
$PAD "2"
position  0.400020 -0.000100
size  0.066900  0.066900
drill  0.027600
shape_offset  0.000000  0.000000
orientation  180.00
Shape  ???
Layer  both
$EndPAD
$PAD "1"
position  0.000020 -0.000100
size  0.066900  0.066900
drill  0.027600
shape_offset  0.000000  0.000000
orientation  180.00
Shape  Circ
Layer  both
$EndPAD
$EndMODULE  K2

$MODULE "Panel2"
reference "Panel2"
value "Battery"
footprint "Discret:C2V10"
attribut none
position  5.236220  3.464567
orientation  0.00
layer component
$SHAPE3D
Na "Discret.3dshapes/C2V10.wrl"
Sc 1 1 1
Of 0 0 0
Ro 0 0 0
$EndSHAPE3D
$PAD "1"
position -0.100000  0.000000
size  0.070000  0.070000
drill  0.040000
shape_offset  0.000000  0.000000
orientation  0.00
Shape  Circ
Layer  both
$EndPAD
$PAD "2"
position  0.100000  0.000000
size  0.070000  0.070000
drill  0.040000
shape_offset  0.000000  0.000000
orientation  0.00
Shape  ???
Layer  both
$EndPAD
$EndMODULE  Panel2

$MODULE "Q1"
reference "Q1"
value "Q_NPN_BCE"
footprint "Housings_TO-92:TO-92_Inline_Narrow_Oval"
attribut none
position  3.818898  3.897638
orientation  0.00
layer component
$SHAPE3D
Na "Housings_TO-92.3dshapes/TO-92_Inline_Narrow_Oval.wrl"
Sc 1 1 1
Of 0.05 0 0
Ro 0 0 -90
$EndSHAPE3D
$PAD "2"
position  0.050000  0.000000
size  0.035400  0.059100
drill  0.023622
shape_offset  0.000000  0.000000
orientation  180.00
Shape  Rect
Layer  both
$EndPAD
$PAD "3"
position  0.100000  0.000000
size  0.035400  0.059100
drill  0.023622
shape_offset  0.000000  0.000000
orientation  180.00
Shape  Rect
Layer  both
$EndPAD
$PAD "1"
position  0.000000  0.000000
size  0.035400  0.059100
drill  0.023622
shape_offset  0.000000  0.000000
orientation  180.00
Shape  Rect
Layer  both
$EndPAD
$EndMODULE  Q1

$MODULE "Q2"
reference "Q2"
value "Q_PNP_BCE"
footprint "Housings_TO-92:TO-92_Inline_Narrow_Oval"
attribut none
position  4.133858  3.110236
orientation  0.00
layer component
$SHAPE3D
Na "Housings_TO-92.3dshapes/TO-92_Inline_Narrow_Oval.wrl"
Sc 1 1 1
Of 0.05 0 0
Ro 0 0 -90
$EndSHAPE3D
$PAD "2"
position  0.050000  0.000000
size  0.035400  0.059100
drill  0.023622
shape_offset  0.000000  0.000000
orientation  180.00
Shape  Rect
Layer  both
$EndPAD
$PAD "3"
position  0.100000  0.000000
size  0.035400  0.059100
drill  0.023622
shape_offset  0.000000  0.000000
orientation  180.00
Shape  Rect
Layer  both
$EndPAD
$PAD "1"
position  0.000000  0.000000
size  0.035400  0.059100
drill  0.023622
shape_offset  0.000000  0.000000
orientation  180.00
Shape  Rect
Layer  both
$EndPAD
$EndMODULE  Q2

$MODULE "Q3"
reference "Q3"
value "Q_PMOS_DGS"
footprint "Housings_TO-92:TO-92_Inline_Narrow_Oval"
attribut none
position  4.133858  3.543307
orientation  0.00
layer component
$SHAPE3D
Na "Housings_TO-92.3dshapes/TO-92_Inline_Narrow_Oval.wrl"
Sc 1 1 1
Of 0.05 0 0
Ro 0 0 -90
$EndSHAPE3D
$PAD "2"
position  0.050000  0.000000
size  0.035400  0.059100
drill  0.023622
shape_offset  0.000000  0.000000
orientation  180.00
Shape  Rect
Layer  both
$EndPAD
$PAD "3"
position  0.100000  0.000000
size  0.035400  0.059100
drill  0.023622
shape_offset  0.000000  0.000000
orientation  180.00
Shape  Rect
Layer  both
$EndPAD
$PAD "1"
position  0.000000  0.000000
size  0.035400  0.059100
drill  0.023622
shape_offset  0.000000  0.000000
orientation  180.00
Shape  Rect
Layer  both
$EndPAD
$EndMODULE  Q3

$MODULE "R1"
reference "R1"
value "100"
footprint "Discret:R1"
attribut none
position  2.204724  3.818898
orientation  0.00
layer component
$SHAPE3D
Na "Discret.3dshapes/R1.wrl"
Sc 1 1 1
Of 0 0 0
Ro 0 0 0
$EndSHAPE3D
$PAD "1"
position -0.050000  0.000000
size  0.055000  0.055000
drill  0.032000
shape_offset  0.000000  0.000000
orientation  0.00
Shape  ???
Layer  both
$EndPAD
$PAD "2"
position  0.050000  0.000000
size  0.055000  0.055000
drill  0.032000
shape_offset  0.000000  0.000000
orientation  0.00
Shape  ???
Layer  both
$EndPAD
$EndMODULE  R1

$MODULE "R2"
reference "R2"
value "R"
footprint "Discret:R1"
attribut none
position  4.842520  3.346457
orientation  0.00
layer component
$SHAPE3D
Na "Discret.3dshapes/R1.wrl"
Sc 1 1 1
Of 0 0 0
Ro 0 0 0
$EndSHAPE3D
$PAD "1"
position -0.050000  0.000000
size  0.055000  0.055000
drill  0.032000
shape_offset  0.000000  0.000000
orientation  0.00
Shape  ???
Layer  both
$EndPAD
$PAD "2"
position  0.050000  0.000000
size  0.055000  0.055000
drill  0.032000
shape_offset  0.000000  0.000000
orientation  0.00
Shape  ???
Layer  both
$EndPAD
$EndMODULE  R2

$MODULE "R3"
reference "R3"
value "10K"
footprint "Discret:R1"
attribut none
position  3.976378  3.346457
orientation  0.00
layer component
$SHAPE3D
Na "Discret.3dshapes/R1.wrl"
Sc 1 1 1
Of 0 0 0
Ro 0 0 0
$EndSHAPE3D
$PAD "1"
position -0.050000  0.000000
size  0.055000  0.055000
drill  0.032000
shape_offset  0.000000  0.000000
orientation  0.00
Shape  ???
Layer  both
$EndPAD
$PAD "2"
position  0.050000  0.000000
size  0.055000  0.055000
drill  0.032000
shape_offset  0.000000  0.000000
orientation  0.00
Shape  ???
Layer  both
$EndPAD
$EndMODULE  R3

$MODULE "R5"
reference "R5"
value "100K"
footprint "Discret:R1"
attribut none
position  3.543307  3.897638
orientation  0.00
layer component
$SHAPE3D
Na "Discret.3dshapes/R1.wrl"
Sc 1 1 1
Of 0 0 0
Ro 0 0 0
$EndSHAPE3D
$PAD "1"
position -0.050000  0.000000
size  0.055000  0.055000
drill  0.032000
shape_offset  0.000000  0.000000
orientation  0.00
Shape  ???
Layer  both
$EndPAD
$PAD "2"
position  0.050000  0.000000
size  0.055000  0.055000
drill  0.032000
shape_offset  0.000000  0.000000
orientation  0.00
Shape  ???
Layer  both
$EndPAD
$EndMODULE  R5

$MODULE "R6"
reference "R6"
value "750"
footprint "Discret:R1"
attribut none
position  2.795276  4.330709
orientation  0.00
layer component
$SHAPE3D
Na "Discret.3dshapes/R1.wrl"
Sc 1 1 1
Of 0 0 0
Ro 0 0 0
$EndSHAPE3D
$PAD "1"
position -0.050000  0.000000
size  0.055000  0.055000
drill  0.032000
shape_offset  0.000000  0.000000
orientation  0.00
Shape  ???
Layer  both
$EndPAD
$PAD "2"
position  0.050000  0.000000
size  0.055000  0.055000
drill  0.032000
shape_offset  0.000000  0.000000
orientation  0.00
Shape  ???
Layer  both
$EndPAD
$EndMODULE  R6

$MODULE "R7"
reference "R7"
value "4.7M"
footprint "Discret:R1"
attribut none
position  3.582677  4.409449
orientation  0.00
layer component
$SHAPE3D
Na "Discret.3dshapes/R1.wrl"
Sc 1 1 1
Of 0 0 0
Ro 0 0 0
$EndSHAPE3D
$PAD "1"
position -0.050000  0.000000
size  0.055000  0.055000
drill  0.032000
shape_offset  0.000000  0.000000
orientation  0.00
Shape  ???
Layer  both
$EndPAD
$PAD "2"
position  0.050000  0.000000
size  0.055000  0.055000
drill  0.032000
shape_offset  0.000000  0.000000
orientation  0.00
Shape  ???
Layer  both
$EndPAD
$EndMODULE  R7

$MODULE "R8"
reference "R8"
value "100K"
footprint "Discret:R1"
attribut none
position  2.874016  3.267717
orientation  0.00
layer component
$SHAPE3D
Na "Discret.3dshapes/R1.wrl"
Sc 1 1 1
Of 0 0 0
Ro 0 0 0
$EndSHAPE3D
$PAD "1"
position -0.050000  0.000000
size  0.055000  0.055000
drill  0.032000
shape_offset  0.000000  0.000000
orientation  0.00
Shape  ???
Layer  both
$EndPAD
$PAD "2"
position  0.050000  0.000000
size  0.055000  0.055000
drill  0.032000
shape_offset  0.000000  0.000000
orientation  0.00
Shape  ???
Layer  both
$EndPAD
$EndMODULE  R8

$MODULE "R9"
reference "R9"
value "200K"
footprint "Discret:R1"
attribut none
position  2.874016  3.818898
orientation  0.00
layer component
$SHAPE3D
Na "Discret.3dshapes/R1.wrl"
Sc 1 1 1
Of 0 0 0
Ro 0 0 0
$EndSHAPE3D
$PAD "1"
position -0.050000  0.000000
size  0.055000  0.055000
drill  0.032000
shape_offset  0.000000  0.000000
orientation  0.00
Shape  ???
Layer  both
$EndPAD
$PAD "2"
position  0.050000  0.000000
size  0.055000  0.055000
drill  0.032000
shape_offset  0.000000  0.000000
orientation  0.00
Shape  ???
Layer  both
$EndPAD
$EndMODULE  R9

$MODULE "R10"
reference "R10"
value "180K"
footprint "Discret:R1"
attribut none
position  2.992126  4.055118
orientation  0.00
layer component
$SHAPE3D
Na "Discret.3dshapes/R1.wrl"
Sc 1 1 1
Of 0 0 0
Ro 0 0 0
$EndSHAPE3D
$PAD "1"
position -0.050000  0.000000
size  0.055000  0.055000
drill  0.032000
shape_offset  0.000000  0.000000
orientation  0.00
Shape  ???
Layer  both
$EndPAD
$PAD "2"
position  0.050000  0.000000
size  0.055000  0.055000
drill  0.032000
shape_offset  0.000000  0.000000
orientation  0.00
Shape  ???
Layer  both
$EndPAD
$EndMODULE  R10

$MODULE "R11"
reference "R11"
value "75K"
footprint "Discret:R1"
attribut none
position  2.637795  3.582677
orientation  0.00
layer component
$SHAPE3D
Na "Discret.3dshapes/R1.wrl"
Sc 1 1 1
Of 0 0 0
Ro 0 0 0
$EndSHAPE3D
$PAD "1"
position -0.050000  0.000000
size  0.055000  0.055000
drill  0.032000
shape_offset  0.000000  0.000000
orientation  0.00
Shape  ???
Layer  both
$EndPAD
$PAD "2"
position  0.050000  0.000000
size  0.055000  0.055000
drill  0.032000
shape_offset  0.000000  0.000000
orientation  0.00
Shape  ???
Layer  both
$EndPAD
$EndMODULE  R11

$MODULE "R12"
reference "R12"
value "300K"
footprint "Discret:R1"
attribut none
position  2.204724  4.370079
orientation  0.00
layer component
$SHAPE3D
Na "Discret.3dshapes/R1.wrl"
Sc 1 1 1
Of 0 0 0
Ro 0 0 0
$EndSHAPE3D
$PAD "1"
position -0.050000  0.000000
size  0.055000  0.055000
drill  0.032000
shape_offset  0.000000  0.000000
orientation  0.00
Shape  ???
Layer  both
$EndPAD
$PAD "2"
position  0.050000  0.000000
size  0.055000  0.055000
drill  0.032000
shape_offset  0.000000  0.000000
orientation  0.00
Shape  ???
Layer  both
$EndPAD
$EndMODULE  R12

$MODULE "R13"
reference "R13"
value "100"
footprint "Discret:R1"
attribut none
position  4.330709  2.716535
orientation  0.00
layer component
$SHAPE3D
Na "Discret.3dshapes/R1.wrl"
Sc 1 1 1
Of 0 0 0
Ro 0 0 0
$EndSHAPE3D
$PAD "1"
position -0.050000  0.000000
size  0.055000  0.055000
drill  0.032000
shape_offset  0.000000  0.000000
orientation  0.00
Shape  ???
Layer  both
$EndPAD
$PAD "2"
position  0.050000  0.000000
size  0.055000  0.055000
drill  0.032000
shape_offset  0.000000  0.000000
orientation  0.00
Shape  ???
Layer  both
$EndPAD
$EndMODULE  R13

$MODULE "TZ1"
reference "TZ1"
value "27V"
footprint "Diodes_SMD:SMB_Handsoldering"
attribut smd
position  4.763780  2.677165
orientation  0.00
layer component
$SHAPE3D
Na "Diodes_SMD.3dshapes/SMB_Handsoldering.wrl"
Sc 0.3937 0.3937 0.3937
Of 0 0 0
Ro 0 0 180
$EndSHAPE3D
$PAD "1"
position -0.106300  0.000000
size  0.137800  0.090600
drill  0.000000
shape_offset  0.000000  0.000000
orientation  0.00
Shape  Circ
Layer  front
$EndPAD
$PAD "2"
position  0.106300  0.000000
size  0.137800  0.090600
drill  0.000000
shape_offset  0.000000  0.000000
orientation  0.00
Shape  Circ
Layer  front
$EndPAD
$EndMODULE  TZ1

$MODULE "U1"
reference "U1"
value "7805"
footprint "78xx_with_heatsink1:78xx_with_heatsink-78XXH"
attribut virtual
position  3.661417  2.716535
orientation  0.00
layer component
$PAD "GND"
position  0.000000  0.200000
size  0.060000  0.120000
drill  0.040000
shape_offset  0.000000  0.000000
orientation  0.00
Shape  Rect
Layer  both
$EndPAD
$PAD "VI"
position -0.100000  0.200000
size  0.060000  0.120000
drill  0.040000
shape_offset  0.000000  0.000000
orientation  0.00
Shape  Rect
Layer  both
$EndPAD
$PAD "VO"
position  0.100000  0.200000
size  0.060000  0.120000
drill  0.040000
shape_offset  0.000000  0.000000
orientation  0.00
Shape  Rect
Layer  both
$EndPAD
$EndMODULE  U1

$MODULE "U2"
reference "U2"
value "324URJA"
footprint "SMD_Packages:SSOP-14"
attribut smd
position  3.188976  4.606299
orientation  0.00
layer component
$SHAPE3D
Na "SMD_Packages.3dshapes/SSOP-14.wrl"
Sc 0.25 0.35 0.25
Of 0 0 0
Ro 0 0 0
$EndSHAPE3D
$PAD "1"
position -0.076000  0.110000
size  0.017000  0.055000
drill  0.000000
shape_offset  0.000000  0.000000
orientation  0.00
Shape  Circ
Layer  front
$EndPAD
$PAD "2"
position -0.051000  0.110000
size  0.017000  0.055000
drill  0.000000
shape_offset  0.000000  0.000000
orientation  0.00
Shape  Circ
Layer  front
$EndPAD
$PAD "3"
position -0.025000  0.110000
size  0.017000  0.055000
drill  0.000000
shape_offset  0.000000  0.000000
orientation  0.00
Shape  Circ
Layer  front
$EndPAD
$PAD "4"
position  0.000000  0.110000
size  0.017000  0.055000
drill  0.000000
shape_offset  0.000000  0.000000
orientation  0.00
Shape  Circ
Layer  front
$EndPAD
$PAD "5"
position  0.026000  0.110000
size  0.017000  0.055000
drill  0.000000
shape_offset  0.000000  0.000000
orientation  0.00
Shape  Circ
Layer  front
$EndPAD
$PAD "6"
position  0.051500  0.110000
size  0.017000  0.055000
drill  0.000000
shape_offset  0.000000  0.000000
orientation  0.00
Shape  Circ
Layer  front
$EndPAD
$PAD "7"
position  0.077000  0.110000
size  0.017000  0.055000
drill  0.000000
shape_offset  0.000000  0.000000
orientation  0.00
Shape  Circ
Layer  front
$EndPAD
$PAD "8"
position  0.077000 -0.110000
size  0.017000  0.055000
drill  0.000000
shape_offset  0.000000  0.000000
orientation  0.00
Shape  Circ
Layer  front
$EndPAD
$PAD "9"
position  0.051500 -0.110000
size  0.017000  0.055000
drill  0.000000
shape_offset  0.000000  0.000000
orientation  0.00
Shape  Circ
Layer  front
$EndPAD
$PAD "10"
position  0.026000 -0.110000
size  0.017000  0.055000
drill  0.000000
shape_offset  0.000000  0.000000
orientation  0.00
Shape  Circ
Layer  front
$EndPAD
$PAD "11"
position  0.000000 -0.110000
size  0.017000  0.055000
drill  0.000000
shape_offset  0.000000  0.000000
orientation  0.00
Shape  Circ
Layer  front
$EndPAD
$PAD "12"
position -0.025500 -0.110000
size  0.017000  0.055000
drill  0.000000
shape_offset  0.000000  0.000000
orientation  0.00
Shape  Circ
Layer  front
$EndPAD
$PAD "13"
position -0.051000 -0.110000
size  0.017000  0.055000
drill  0.000000
shape_offset  0.000000  0.000000
orientation  0.00
Shape  Circ
Layer  front
$EndPAD
$PAD "14"
position -0.076500 -0.110000
size  0.017000  0.055000
drill  0.000000
shape_offset  0.000000  0.000000
orientation  0.00
Shape  Circ
Layer  front
$EndPAD
$EndMODULE  U2

$MODULE "VR1"
reference "VR1"
value "100K"
footprint "TO_SOT_Packages_THT:TO-220_Neutral123_Vertical"
attribut none
position  2.362205  3.267717
orientation  0.00
layer component
$SHAPE3D
Na "TO_SOT_Packages_THT.3dshapes/TO-220_Neutral123_Vertical.wrl"
Sc 0.3937 0.3937 0.3937
Of 0 0 0
Ro 0 0 0
$EndSHAPE3D
$PAD "2"
position  0.000000  0.000000
size  0.098400  0.059100
drill  0.039400
shape_offset  0.000000  0.000000
orientation  90.00
Shape  Rect
Layer  both
$EndPAD
$PAD "1"
position -0.100000  0.000000
size  0.098400  0.059100
drill  0.039400
shape_offset  0.000000  0.000000
orientation  90.00
Shape  Rect
Layer  both
$EndPAD
$PAD "3"
position  0.100000  0.000000
size  0.098400  0.059100
drill  0.039400
shape_offset  0.000000  0.000000
orientation  90.00
Shape  Rect
Layer  both
$EndPAD
$EndMODULE  VR1

$CIRCLE 
centre 3.740157 3.700787
radius 2.036997
width 0.003937
$EndCIRCLE 
$EndDESCRIPTION
